#
# There is insufficient memory for the Java Runtime Environment to continue.
# Native memory allocation (mmap) failed to map 193986560 bytes for committing reserved memory.
# Possible reasons:
#   The system is out of physical RAM or swap space
#   In 32 bit mode, the process size limit was hit
# Possible solutions:
#   Reduce memory load on the system
#   Increase physical memory or swap space
#   Check if swap backing store is full
#   Use 64 bit Java on a 64 bit OS
#   Decrease Java heap size (-Xmx/-Xms)
#   Decrease number of Java threads
#   Decrease Java thread stack sizes (-Xss)
#   Set larger code cache with -XX:ReservedCodeCacheSize=
# This output file may be truncated or incomplete.
#
#  Out of Memory Error (os_linux.cpp:2643), pid=5956, tid=0x00007f57b64ec700
#
# JRE version: OpenJDK Runtime Environment (8.0_131-b11) (build 1.8.0_131-8u131-b11-2ubuntu1.17.04.3-b11)
# Java VM: OpenJDK 64-Bit Server VM (25.131-b11 mixed mode linux-amd64 compressed oops)
# Failed to write core dump. Core dumps have been disabled. To enable core dumping, try "ulimit -c unlimited" before starting Java again
#

---------------  T H R E A D  ---------------

Current thread (0x00007f57d407b800):  VMThread [stack: 0x00007f57b63ec000,0x00007f57b64ed000] [id=5982]

Stack: [0x00007f57b63ec000,0x00007f57b64ed000],  sp=0x00007f57b64eb4b0,  free space=1021k
Native frames: (J=compiled Java code, j=interpreted, Vv=VM code, C=native code)
V  [libjvm.so+0xa6fa00]  VMError::report_and_die()+0x160
V  [libjvm.so+0x4c7bdc]  report_vm_out_of_memory(char const*, int, unsigned long, VMErrorType, char const*)+0xac
V  [libjvm.so+0x8be7a0]  os::pd_commit_memory(char*, unsigned long, unsigned long, bool)+0xf0
V  [libjvm.so+0x8b8e2e]  os::commit_memory(char*, unsigned long, unsigned long, bool)+0x2e
V  [libjvm.so+0x93395e]  PSVirtualSpace::expand_by(unsigned long)+0x4e
V  [libjvm.so+0x934ce3]  PSYoungGen::resize(unsigned long, unsigned long)+0x103
V  [libjvm.so+0x931333]  PSScavenge::invoke_no_policy()+0x1503
V  [libjvm.so+0x92a039]  PSParallelCompact::invoke(bool)+0x49
V  [libjvm.so+0x449a23]  CollectedHeap::collect_as_vm_thread(GCCause::Cause)+0x163
V  [libjvm.so+0xa70ed9]  VM_CollectForMetadataAllocation::doit()+0x169
V  [libjvm.so+0xa767e7]  VM_Operation::evaluate()+0x47
V  [libjvm.so+0xa73f77]  VMThread::evaluate_operation(VM_Operation*) [clone .constprop.30]+0xe7
V  [libjvm.so+0xa753f6]  VMThread::loop()+0x246
V  [libjvm.so+0xa758f1]  VMThread::run()+0x81
V  [libjvm.so+0x8bbd32]  java_start(Thread*)+0xf2

VM_Operation (0x00007f57dbde9480): CollectForMetadataAllocation, mode: safepoint, requested by thread 0x00007f57d400a000


---------------  P R O C E S S  ---------------

Java Threads: ( => current thread )
  0x00007f57d40c6800 JavaThread "Service Thread" daemon [_thread_blocked, id=5989, stack(0x00007f57b5889000,0x00007f57b598a000)]
  0x00007f57d40b7000 JavaThread "C1 CompilerThread2" daemon [_thread_blocked, id=5988, stack(0x00007f57b598a000,0x00007f57b5a8b000)]
  0x00007f57d40b5000 JavaThread "C2 CompilerThread1" daemon [_thread_blocked, id=5987, stack(0x00007f57b5a8b000,0x00007f57b5b8c000)]
  0x00007f57d40b2000 JavaThread "C2 CompilerThread0" daemon [_thread_blocked, id=5986, stack(0x00007f57b5b8c000,0x00007f57b5c8d000)]
  0x00007f57d40b0000 JavaThread "Signal Dispatcher" daemon [_thread_blocked, id=5985, stack(0x00007f57b5c8d000,0x00007f57b5d8e000)]
  0x00007f57d4087800 JavaThread "Finalizer" daemon [_thread_blocked, id=5984, stack(0x00007f57b61ea000,0x00007f57b62eb000)]
  0x00007f57d4083000 JavaThread "Reference Handler" daemon [_thread_blocked, id=5983, stack(0x00007f57b62eb000,0x00007f57b63ec000)]
  0x00007f57d400a000 JavaThread "main" [_thread_blocked, id=5975, stack(0x00007f57dbced000,0x00007f57dbdee000)]

Other Threads:
=>0x00007f57d407b800 VMThread [stack: 0x00007f57b63ec000,0x00007f57b64ed000] [id=5982]
  0x00007f57d40c9000 WatcherThread [stack: 0x00007f57b5788000,0x00007f57b5889000] [id=5990]

VM state:at safepoint (normal execution)

VM Mutex/Monitor currently owned by a thread:  ([mutex/lock_event])
[0x00007f57d4006420] Threads_lock - owner thread: 0x00007f57d407b800
[0x00007f57d4006920] Heap_lock - owner thread: 0x00007f57d400a000

Heap:
 PSYoungGen      total 416256K, used 11747K [0x00000000d6f00000, 0x00000000f1180000, 0x0000000100000000)
  eden space 404480K, 0% used [0x00000000d6f00000,0x00000000d6f00000,0x00000000efa00000)
  from space 11776K, 99% used [0x00000000efa00000,0x00000000f0578d18,0x00000000f0580000)
  to   space 11264K, 0% used [0x00000000f0580000,0x00000000f0580000,0x00000000f1080000)
 ParOldGen       total 59392K, used 20347K [0x0000000084c00000, 0x0000000088600000, 0x00000000d6f00000)
  object space 59392K, 34% used [0x0000000084c00000,0x0000000085fdecf8,0x0000000088600000)
 Metaspace       used 34672K, capacity 35334K, committed 35496K, reserved 1079296K
  class space    used 5198K, capacity 5429K, committed 5544K, reserved 1048576K

Card table byte_map: [0x00007f57c4c25000,0x00007f57c5000000] byte_map_base: 0x00007f57c47ff000

Marking Bits: (ParMarkBitMap*) 0x00007f57dafb92c0
 Begin Bits: [0x00007f57bc260000, 0x00007f57be130000)
 End Bits:   [0x00007f57be130000, 0x00007f57c0000000)

Polling page: 0x00007f57dbe0b000

CodeCache: size=245760Kb used=18129Kb max_used=18152Kb free=227631Kb
 bounds [0x00007f57c5000000, 0x00007f57c61d0000, 0x00007f57d4000000]
 total_blobs=5058 nmethods=4635 adapters=336
 compilation: enabled

Compilation events (10 events):
Event: 9,623 Thread 0x00007f57d40b5000 nmethod 4891 0x00007f57c6187a50 code [0x00007f57c6187ba0, 0x00007f57c6187bf8]
Event: 9,623 Thread 0x00007f57d40b5000 4893       4       scala.collection.immutable.HashSet$HashTrieSet::updated0 (234 bytes)
Event: 9,655 Thread 0x00007f57d40b5000 nmethod 4893 0x00007f57c61b79d0 code [0x00007f57c61b7ce0, 0x00007f57c61ba648]
Event: 9,655 Thread 0x00007f57d40b5000 4901       4       scala.collection.immutable.HashSet::$plus (6 bytes)
Event: 9,660 Thread 0x00007f57d40b5000 nmethod 4901 0x00007f57c6189190 code [0x00007f57c6189320, 0x00007f57c6189718]
Event: 9,660 Thread 0x00007f57d40b5000 4903       4       scala.collection.immutable.Set$class::$init$ (1 bytes)
Event: 9,660 Thread 0x00007f57d40b5000 nmethod 4903 0x00007f57c533c050 code [0x00007f57c533c180, 0x00007f57c533c1b8]
Event: 9,673 Thread 0x00007f57d40b2000 nmethod 4900 0x00007f57c61bca50 code [0x00007f57c61bd1c0, 0x00007f57c61c0400]
Event: 9,707 Thread 0x00007f57d40b5000 5014       4       java.lang.ClassLoader::getClassLoadingLock (35 bytes)
Event: 9,708 Thread 0x00007f57d40b5000 nmethod 5014 0x00007f57c61874d0 code [0x00007f57c6187620, 0x00007f57c6187748]

GC Heap History (10 events):
Event: 6,559 GC heap after
Heap after GC invocations=7 (full 0):
 PSYoungGen      total 136704K, used 10030K [0x00000000d6f00000, 0x00000000e7c00000, 0x0000000100000000)
  eden space 126464K, 0% used [0x00000000d6f00000,0x00000000d6f00000,0x00000000dea80000)
  from space 10240K, 97% used [0x00000000dea80000,0x00000000df44baf0,0x00000000df480000)
  to   space 11264K, 0% used [0x00000000e7100000,0x00000000e7100000,0x00000000e7c00000)
 ParOldGen       total 84992K, used 9453K [0x0000000084c00000, 0x0000000089f00000, 0x00000000d6f00000)
  object space 84992K, 11% used [0x0000000084c00000,0x000000008553b658,0x0000000089f00000)
 Metaspace       used 18997K, capacity 19474K, committed 19840K, reserved 1067008K
  class space    used 2180K, capacity 2305K, committed 2432K, reserved 1048576K
}
Event: 7,014 GC heap before
{Heap before GC invocations=8 (full 0):
 PSYoungGen      total 136704K, used 136494K [0x00000000d6f00000, 0x00000000e7c00000, 0x0000000100000000)
  eden space 126464K, 100% used [0x00000000d6f00000,0x00000000dea80000,0x00000000dea80000)
  from space 10240K, 97% used [0x00000000dea80000,0x00000000df44baf0,0x00000000df480000)
  to   space 11264K, 0% used [0x00000000e7100000,0x00000000e7100000,0x00000000e7c00000)
 ParOldGen       total 84992K, used 9453K [0x0000000084c00000, 0x0000000089f00000, 0x00000000d6f00000)
  object space 84992K, 11% used [0x0000000084c00000,0x000000008553b658,0x0000000089f00000)
 Metaspace       used 19163K, capacity 19666K, committed 19840K, reserved 1067008K
  class space    used 2181K, capacity 2305K, committed 2432K, reserved 1048576K
Event: 7,036 GC heap after
Heap after GC invocations=8 (full 0):
 PSYoungGen      total 264192K, used 7744K [0x00000000d6f00000, 0x00000000e7c00000, 0x0000000100000000)
  eden space 252928K, 0% used [0x00000000d6f00000,0x00000000d6f00000,0x00000000e6600000)
  from space 11264K, 68% used [0x00000000e7100000,0x00000000e7890000,0x00000000e7c00000)
  to   space 11264K, 0% used [0x00000000e6600000,0x00000000e6600000,0x00000000e7100000)
 ParOldGen       total 84992K, used 11849K [0x0000000084c00000, 0x0000000089f00000, 0x00000000d6f00000)
  object space 84992K, 13% used [0x0000000084c00000,0x0000000085792668,0x0000000089f00000)
 Metaspace       used 19163K, capacity 19666K, committed 19840K, reserved 1067008K
  class space    used 2181K, capacity 2305K, committed 2432K, reserved 1048576K
}
Event: 7,944 GC heap before
{Heap before GC invocations=9 (full 0):
 PSYoungGen      total 264192K, used 260672K [0x00000000d6f00000, 0x00000000e7c00000, 0x0000000100000000)
  eden space 252928K, 100% used [0x00000000d6f00000,0x00000000e6600000,0x00000000e6600000)
  from space 11264K, 68% used [0x00000000e7100000,0x00000000e7890000,0x00000000e7c00000)
  to   space 11264K, 0% used [0x00000000e6600000,0x00000000e6600000,0x00000000e7100000)
 ParOldGen       total 84992K, used 11849K [0x0000000084c00000, 0x0000000089f00000, 0x00000000d6f00000)
  object space 84992K, 13% used [0x0000000084c00000,0x0000000085792668,0x0000000089f00000)
 Metaspace       used 19688K, capacity 20178K, committed 20352K, reserved 1067008K
  class space    used 2231K, capacity 2369K, committed 2432K, reserved 1048576K
Event: 7,953 GC heap after
Heap after GC invocations=9 (full 0):
 PSYoungGen      total 264192K, used 4079K [0x00000000d6f00000, 0x00000000f1080000, 0x0000000100000000)
  eden space 252928K, 0% used [0x00000000d6f00000,0x00000000d6f00000,0x00000000e6600000)
  from space 11264K, 36% used [0x00000000e6600000,0x00000000e69fbe20,0x00000000e7100000)
  to   space 11264K, 0% used [0x00000000f0580000,0x00000000f0580000,0x00000000f1080000)
 ParOldGen       total 84992K, used 15741K [0x0000000084c00000, 0x0000000089f00000, 0x00000000d6f00000)
  object space 84992K, 18% used [0x0000000084c00000,0x0000000085b5f678,0x0000000089f00000)
 Metaspace       used 19688K, capacity 20178K, committed 20352K, reserved 1067008K
  class space    used 2231K, capacity 2369K, committed 2432K, reserved 1048576K
}
Event: 8,037 GC heap before
{Heap before GC invocations=10 (full 0):
 PSYoungGen      total 264192K, used 9126K [0x00000000d6f00000, 0x00000000f1080000, 0x0000000100000000)
  eden space 252928K, 1% used [0x00000000d6f00000,0x00000000d73ed9f8,0x00000000e6600000)
  from space 11264K, 36% used [0x00000000e6600000,0x00000000e69fbe20,0x00000000e7100000)
  to   space 11264K, 0% used [0x00000000f0580000,0x00000000f0580000,0x00000000f1080000)
 ParOldGen       total 84992K, used 15741K [0x0000000084c00000, 0x0000000089f00000, 0x00000000d6f00000)
  object space 84992K, 18% used [0x0000000084c00000,0x0000000085b5f678,0x0000000089f00000)
 Metaspace       used 20712K, capacity 21170K, committed 21296K, reserved 1069056K
  class space    used 2477K, capacity 2593K, committed 2608K, reserved 1048576K
Event: 8,044 GC heap after
Heap after GC invocations=10 (full 0):
 PSYoungGen      total 415744K, used 2017K [0x00000000d6f00000, 0x00000000f1180000, 0x0000000100000000)
  eden space 404480K, 0% used [0x00000000d6f00000,0x00000000d6f00000,0x00000000efa00000)
  from space 11264K, 17% used [0x00000000f0580000,0x00000000f07784e8,0x00000000f1080000)
  to   space 11776K, 0% used [0x00000000efa00000,0x00000000efa00000,0x00000000f0580000)
 ParOldGen       total 84992K, used 17861K [0x0000000084c00000, 0x0000000089f00000, 0x00000000d6f00000)
  object space 84992K, 21% used [0x0000000084c00000,0x0000000085d71678,0x0000000089f00000)
 Metaspace       used 20712K, capacity 21170K, committed 21296K, reserved 1069056K
  class space    used 2477K, capacity 2593K, committed 2608K, reserved 1048576K
}
Event: 8,044 GC heap before
{Heap before GC invocations=11 (full 1):
 PSYoungGen      total 415744K, used 2017K [0x00000000d6f00000, 0x00000000f1180000, 0x0000000100000000)
  eden space 404480K, 0% used [0x00000000d6f00000,0x00000000d6f00000,0x00000000efa00000)
  from space 11264K, 17% used [0x00000000f0580000,0x00000000f07784e8,0x00000000f1080000)
  to   space 11776K, 0% used [0x00000000efa00000,0x00000000efa00000,0x00000000f0580000)
 ParOldGen       total 84992K, used 17861K [0x0000000084c00000, 0x0000000089f00000, 0x00000000d6f00000)
  object space 84992K, 21% used [0x0000000084c00000,0x0000000085d71678,0x0000000089f00000)
 Metaspace       used 20712K, capacity 21170K, committed 21296K, reserved 1069056K
  class space    used 2477K, capacity 2593K, committed 2608K, reserved 1048576K
Event: 8,112 GC heap after
Heap after GC invocations=11 (full 1):
 PSYoungGen      total 415744K, used 0K [0x00000000d6f00000, 0x00000000f1180000, 0x0000000100000000)
  eden space 404480K, 0% used [0x00000000d6f00000,0x00000000d6f00000,0x00000000efa00000)
  from space 11264K, 0% used [0x00000000f0580000,0x00000000f0580000,0x00000000f1080000)
  to   space 11776K, 0% used [0x00000000efa00000,0x00000000efa00000,0x00000000f0580000)
 ParOldGen       total 59392K, used 15916K [0x0000000084c00000, 0x0000000088600000, 0x00000000d6f00000)
  object space 59392K, 26% used [0x0000000084c00000,0x0000000085b8b1c8,0x0000000088600000)
 Metaspace       used 20712K, capacity 21170K, committed 21296K, reserved 1069056K
  class space    used 2477K, capacity 2593K, committed 2608K, reserved 1048576K
}
Event: 9,742 GC heap before
{Heap before GC invocations=12 (full 1):
 PSYoungGen      total 415744K, used 96969K [0x00000000d6f00000, 0x00000000f1180000, 0x0000000100000000)
  eden space 404480K, 23% used [0x00000000d6f00000,0x00000000dcdb2558,0x00000000efa00000)
  from space 11264K, 0% used [0x00000000f0580000,0x00000000f0580000,0x00000000f1080000)
  to   space 11776K, 0% used [0x00000000efa00000,0x00000000efa00000,0x00000000f0580000)
 ParOldGen       total 59392K, used 15916K [0x0000000084c00000, 0x0000000088600000, 0x00000000d6f00000)
  object space 59392K, 26% used [0x0000000084c00000,0x0000000085b8b1c8,0x0000000088600000)
 Metaspace       used 34672K, capacity 35334K, committed 35496K, reserved 1079296K
  class space    used 5198K, capacity 5429K, committed 5544K, reserved 1048576K

Deoptimization events (10 events):
Event: 9,543 Thread 0x00007f57d400a000 Uncommon trap: reason=class_check action=maybe_recompile pc=0x00007f57c57edc8c method=java.util.Collections$UnmodifiableMap$UnmodifiableEntrySet$1.hasNext()Z @ 4
Event: 9,543 Thread 0x00007f57d400a000 Uncommon trap: reason=class_check action=maybe_recompile pc=0x00007f57c57fbc04 method=java.util.Collections$UnmodifiableMap$UnmodifiableEntrySet$1.next()Ljava/util/Map$Entry; @ 8
Event: 9,543 Thread 0x00007f57d400a000 Uncommon trap: reason=class_check action=maybe_recompile pc=0x00007f57c580ab80 method=java.util.Collections$UnmodifiableMap$UnmodifiableEntrySet$UnmodifiableEntry.getKey()Ljava/lang/Object; @ 4
Event: 9,543 Thread 0x00007f57d400a000 Uncommon trap: reason=class_check action=maybe_recompile pc=0x00007f57c580a900 method=java.util.Collections$UnmodifiableMap$UnmodifiableEntrySet$UnmodifiableEntry.getValue()Ljava/lang/Object; @ 4
Event: 9,543 Thread 0x00007f57d400a000 Uncommon trap: reason=class_check action=maybe_recompile pc=0x00007f57c57edc8c method=java.util.Collections$UnmodifiableMap$UnmodifiableEntrySet$1.hasNext()Z @ 4
Event: 9,543 Thread 0x00007f57d400a000 Uncommon trap: reason=class_check action=maybe_recompile pc=0x00007f57c57fbc04 method=java.util.Collections$UnmodifiableMap$UnmodifiableEntrySet$1.next()Ljava/util/Map$Entry; @ 8
Event: 9,543 Thread 0x00007f57d400a000 Uncommon trap: reason=class_check action=maybe_recompile pc=0x00007f57c580ab80 method=java.util.Collections$UnmodifiableMap$UnmodifiableEntrySet$UnmodifiableEntry.getKey()Ljava/lang/Object; @ 4
Event: 9,543 Thread 0x00007f57d400a000 Uncommon trap: reason=class_check action=maybe_recompile pc=0x00007f57c580a900 method=java.util.Collections$UnmodifiableMap$UnmodifiableEntrySet$UnmodifiableEntry.getValue()Ljava/lang/Object; @ 4
Event: 9,560 Thread 0x00007f57d400a000 Uncommon trap: reason=unstable_if action=reinterpret pc=0x00007f57c5f70f2c method=java.lang.StringCoding$StringEncoder.encode([CII)[B @ 20
Event: 9,561 Thread 0x00007f57d400a000 Uncommon trap: reason=unstable_if action=reinterpret pc=0x00007f57c5e62a68 method=java.lang.Integer.valueOf(I)Ljava/lang/Integer; @ 3

Internal exceptions (10 events):
Event: 8,957 Thread 0x00007f57d400a000 Exception <a 'java/lang/NoSuchMethodError': <clinit>> (0x00000000d88f4fb8) thrown at [/build/openjdk-8-ugc2Ph/openjdk-8-8u131-b11/src/hotspot/src/share/vm/prims/jni.cpp, line 1613]
Event: 8,958 Thread 0x00007f57d400a000 Exception <a 'java/lang/NoSuchMethodError': <clinit>> (0x00000000d8906640) thrown at [/build/openjdk-8-ugc2Ph/openjdk-8-8u131-b11/src/hotspot/src/share/vm/prims/jni.cpp, line 1613]
Event: 8,959 Thread 0x00007f57d400a000 Exception <a 'java/lang/NoSuchMethodError': <clinit>> (0x00000000d8912ae0) thrown at [/build/openjdk-8-ugc2Ph/openjdk-8-8u131-b11/src/hotspot/src/share/vm/prims/jni.cpp, line 1613]
Event: 8,959 Thread 0x00007f57d400a000 Exception <a 'java/lang/NoSuchMethodError': <clinit>> (0x00000000d89253f8) thrown at [/build/openjdk-8-ugc2Ph/openjdk-8-8u131-b11/src/hotspot/src/share/vm/prims/jni.cpp, line 1613]
Event: 8,960 Thread 0x00007f57d400a000 Exception <a 'java/lang/NoSuchMethodError': <clinit>> (0x00000000d89377b0) thrown at [/build/openjdk-8-ugc2Ph/openjdk-8-8u131-b11/src/hotspot/src/share/vm/prims/jni.cpp, line 1613]
Event: 8,961 Thread 0x00007f57d400a000 Exception <a 'java/lang/NoSuchMethodError': <clinit>> (0x00000000d894c4a8) thrown at [/build/openjdk-8-ugc2Ph/openjdk-8-8u131-b11/src/hotspot/src/share/vm/prims/jni.cpp, line 1613]
Event: 8,962 Thread 0x00007f57d400a000 Exception <a 'java/lang/NoSuchMethodError': <clinit>> (0x00000000d8964650) thrown at [/build/openjdk-8-ugc2Ph/openjdk-8-8u131-b11/src/hotspot/src/share/vm/prims/jni.cpp, line 1613]
Event: 8,963 Thread 0x00007f57d400a000 Exception <a 'java/lang/NoSuchMethodError': <clinit>> (0x00000000d89702a0) thrown at [/build/openjdk-8-ugc2Ph/openjdk-8-8u131-b11/src/hotspot/src/share/vm/prims/jni.cpp, line 1613]
Event: 8,963 Thread 0x00007f57d400a000 Exception <a 'java/lang/NoSuchMethodError': <clinit>> (0x00000000d897aa10) thrown at [/build/openjdk-8-ugc2Ph/openjdk-8-8u131-b11/src/hotspot/src/share/vm/prims/jni.cpp, line 1613]
Event: 8,964 Thread 0x00007f57d400a000 Exception <a 'java/lang/NoSuchMethodError': <clinit>> (0x00000000d8985f38) thrown at [/build/openjdk-8-ugc2Ph/openjdk-8-8u131-b11/src/hotspot/src/share/vm/prims/jni.cpp, line 1613]

Events (10 events):
Event: 9,710 loading class scala/reflect/internal/Symbols$TermSymbol done
Event: 9,711 loading class scala/reflect/internal/SymbolTable$perRunCaches$
Event: 9,711 loading class scala/reflect/internal/SymbolTable$perRunCaches$ done
Event: 9,711 loading class scala/reflect/internal/util/WeakHashSet$
Event: 9,711 loading class scala/reflect/internal/util/WeakHashSet$ done
Event: 9,715 loading class scala/reflect/internal/util/WeakHashSet
Event: 9,715 loading class scala/reflect/internal/util/WeakHashSet done
Event: 9,741 loading class scala/reflect/internal/util/Set
Event: 9,741 loading class scala/reflect/internal/util/Set done
Event: 9,742 Executing VM operation: CollectForMetadataAllocation


Dynamic libraries:
84c00000-88600000 rw-p 00000000 00:00 0 
88600000-d6f00000 ---p 00000000 00:00 0 
d6f00000-f1180000 rw-p 00000000 00:00 0 
fca80000-100000000 ---p 00000000 00:00 0 
100000000-10056a000 rw-p 00000000 00:00 0 
10056a000-140000000 ---p 00000000 00:00 0 
564c85ff6000-564c85ff7000 r-xp 00000000 08:01 1445112                    /usr/lib/jvm/java-8-openjdk-amd64/jre/bin/java
564c861f6000-564c861f7000 r--p 00000000 08:01 1445112                    /usr/lib/jvm/java-8-openjdk-amd64/jre/bin/java
564c861f7000-564c861f8000 rw-p 00001000 08:01 1445112                    /usr/lib/jvm/java-8-openjdk-amd64/jre/bin/java
564c8665f000-564c86680000 rw-p 00000000 00:00 0                          [heap]
7f577f800000-7f577f940000 rw-p 00000000 00:00 0 
7f577f940000-7f577fa00000 ---p 00000000 00:00 0 
7f577fa00000-7f577fc00000 rw-p 00000000 00:00 0 
7f577fc00000-7f577fe00000 rw-p 00000000 00:00 0 
7f577fe00000-7f5780000000 rw-p 00000000 00:00 0 
7f5780000000-7f5780021000 rw-p 00000000 00:00 0 
7f5780021000-7f5784000000 ---p 00000000 00:00 0 
7f5784000000-7f5784021000 rw-p 00000000 00:00 0 
7f5784021000-7f5788000000 ---p 00000000 00:00 0 
7f5788000000-7f578a2fb000 rw-p 00000000 00:00 0 
7f578a2fb000-7f578c000000 ---p 00000000 00:00 0 
7f578c000000-7f578ce0c000 rw-p 00000000 00:00 0 
7f578ce0c000-7f5790000000 ---p 00000000 00:00 0 
7f5790000000-7f5790021000 rw-p 00000000 00:00 0 
7f5790021000-7f5794000000 ---p 00000000 00:00 0 
7f5794000000-7f5795c42000 rw-p 00000000 00:00 0 
7f5795c42000-7f5798000000 ---p 00000000 00:00 0 
7f5798000000-7f5798021000 rw-p 00000000 00:00 0 
7f5798021000-7f579c000000 ---p 00000000 00:00 0 
7f579c000000-7f579c021000 rw-p 00000000 00:00 0 
7f579c021000-7f57a0000000 ---p 00000000 00:00 0 
7f57a0000000-7f57a0021000 rw-p 00000000 00:00 0 
7f57a0021000-7f57a4000000 ---p 00000000 00:00 0 
7f57a4000000-7f57a4276000 rw-p 00000000 00:00 0 
7f57a4276000-7f57a8000000 ---p 00000000 00:00 0 
7f57a8000000-7f57a8021000 rw-p 00000000 00:00 0 
7f57a8021000-7f57ac000000 ---p 00000000 00:00 0 
7f57ac000000-7f57ac021000 rw-p 00000000 00:00 0 
7f57ac021000-7f57b0000000 ---p 00000000 00:00 0 
7f57b0000000-7f57b0021000 rw-p 00000000 00:00 0 
7f57b0021000-7f57b4000000 ---p 00000000 00:00 0 
7f57b4114000-7f57b4119000 r--s 00036000 08:01 1845455                    /home/dbuser/.zinc/0.3.5/compiler-interface-2.10.4-52.0/compiler-interface.jar
7f57b4119000-7f57b414f000 r--s 002d9000 08:01 2889232                    /home/dbuser/.m2/repository/org/scala-lang/scala-reflect/2.10.4/scala-reflect-2.10.4.jar
7f57b414f000-7f57b434f000 rw-p 00000000 00:00 0 
7f57b434f000-7f57b444c000 r--s 00cca000 08:01 3019634                    /home/dbuser/.m2/repository/org/scala-lang/scala-compiler/2.10.4/scala-compiler-2.10.4.jar
7f57b444c000-7f57b464c000 rw-p 00000000 00:00 0 
7f57b464c000-7f57b464e000 r--s 0000d000 08:01 2376748                    /home/dbuser/.m2/repository/org/codehaus/plexus/plexus-interpolation/1.13/plexus-interpolation-1.13.jar
7f57b464e000-7f57b464f000 r--s 00001000 08:01 2376744                    /home/dbuser/.m2/repository/org/sonatype/plexus/plexus-build-api/0.0.4/plexus-build-api-0.0.4.jar
7f57b464f000-7f57b4651000 r--s 00009000 08:01 2376741                    /home/dbuser/.m2/repository/org/apache/maven/shared/maven-filtering/1.1/maven-filtering-1.1.jar
7f57b4651000-7f57b4655000 r--s 00033000 08:01 2376740                    /home/dbuser/.m2/repository/org/codehaus/plexus/plexus-utils/2.0.5/plexus-utils-2.0.5.jar
7f57b4655000-7f57b4657000 r--s 00002000 08:01 2376732                    /home/dbuser/.m2/repository/org/codehaus/plexus/plexus-interactivity-api/1.0-alpha-4/plexus-interactivity-api-1.0-alpha-4.jar
7f57b4657000-7f57b4659000 r--s 00006000 08:01 2376730                    /home/dbuser/.m2/repository/commons-cli/commons-cli/1.0/commons-cli-1.0.jar
7f57b4659000-7f57b465a000 r--s 00001000 08:01 2376721                    /home/dbuser/.m2/repository/org/apache/maven/doxia/doxia-sink-api/1.0-alpha-7/doxia-sink-api-1.0-alpha-7.jar
7f57b465a000-7f57b465b000 r--s 00002000 08:01 2376720                    /home/dbuser/.m2/repository/org/apache/maven/reporting/maven-reporting-api/2.0.6/maven-reporting-api-2.0.6.jar
7f57b465b000-7f57b465d000 r--s 00006000 08:01 1845368                    /home/dbuser/.m2/repository/org/apache/maven/plugins/maven-resources-plugin/2.6/maven-resources-plugin-2.6.jar
7f57b465d000-7f57b485d000 rw-p 00000000 00:00 0 
7f57b485d000-7f57b485e000 r--s 00007000 08:01 3019631                    /home/dbuser/.m2/repository/com/typesafe/sbt/compiler-interface/0.13.5/compiler-interface-0.13.5-sources.jar
7f57b485e000-7f57b4860000 r--s 0000b000 08:01 3019628                    /home/dbuser/.m2/repository/com/typesafe/sbt/sbt-interface/0.13.5/sbt-interface-0.13.5.jar
7f57b4860000-7f57b4895000 r--s 002da000 08:01 3019627                    /home/dbuser/.m2/repository/org/scala-lang/scala-reflect/2.10.3/scala-reflect-2.10.3.jar
7f57b4895000-7f57b4991000 r--s 00cc7000 08:01 3019624                    /home/dbuser/.m2/repository/org/scala-lang/scala-compiler/2.10.3/scala-compiler-2.10.3.jar
7f57b4991000-7f57b49b9000 r--s 001f5000 08:01 3019623                    /home/dbuser/.m2/repository/com/typesafe/sbt/incremental-compiler/0.13.5/incremental-compiler-0.13.5.jar
7f57b49b9000-7f57b4a2b000 r--s 0065a000 08:01 2644136                    /home/dbuser/.m2/repository/org/scala-lang/scala-library/2.10.4/scala-library-2.10.4.jar
7f57b4a2b000-7f57b4a32000 r--s 00059000 08:01 3019620                    /home/dbuser/.m2/repository/com/typesafe/zinc/zinc/0.3.5/zinc-0.3.5.jar
7f57b4a32000-7f57b4a34000 r--s 00006000 08:01 3019618                    /home/dbuser/.m2/repository/org/apache/maven/shared/maven-invoker/2.0.11/maven-invoker-2.0.11.jar
7f57b4a34000-7f57b4a35000 r--s 00002000 08:01 2376954                    /home/dbuser/.m2/repository/org/apache/maven/doxia/doxia-logging-api/1.1.2/doxia-logging-api-1.1.2.jar
7f57b4a35000-7f57b4a37000 r--s 00002000 08:01 2376952                    /home/dbuser/.m2/repository/org/apache/maven/doxia/doxia-sink-api/1.1.2/doxia-sink-api-1.1.2.jar
7f57b4a37000-7f57b4a39000 r--s 00004000 08:01 2519943                    /home/dbuser/.m2/repository/org/apache/maven/maven-archiver/2.5/maven-archiver-2.5.jar
7f57b4a39000-7f57b4a3c000 r--s 0000c000 08:01 2519951                    /home/dbuser/.m2/repository/org/codehaus/plexus/plexus-io/2.0.2/plexus-io-2.0.2.jar
7f57b4a3c000-7f57b4a3f000 r--s 0001b000 08:01 2234899                    /home/dbuser/.m2/repository/junit/junit/3.8.1/junit-3.8.1.jar
7f57b4a3f000-7f57b4a44000 r--s 00029000 08:01 2519948                    /home/dbuser/.m2/repository/org/codehaus/plexus/plexus-archiver/2.1/plexus-archiver-2.1.jar
7f57b4a44000-7f57b4a48000 r--s 00034000 08:01 1845360                    /home/dbuser/.m2/repository/org/codehaus/plexus/plexus-utils/3.0/plexus-utils-3.0.jar
7f57b4a48000-7f57b4a4a000 r--s 0000b000 08:01 2644092                    /home/dbuser/.m2/repository/org/apache/commons/commons-exec/1.1/commons-exec-1.1.jar
7f57b4a4a000-7f57b4a4c000 r--s 00007000 08:01 3019616                    /home/dbuser/.m2/repository/org/apache/maven/shared/maven-dependency-tree/1.2/maven-dependency-tree-1.2.jar
7f57b4a4c000-7f57b4a4e000 r--s 00002000 08:01 2644404                    /home/dbuser/.m2/repository/org/sonatype/plexus/plexus-cipher/1.4/plexus-cipher-1.4.jar
7f57b4a4e000-7f57b4a4f000 r--s 00006000 08:01 2644403                    /home/dbuser/.m2/repository/org/sonatype/plexus/plexus-sec-dispatcher/1.3/plexus-sec-dispatcher-1.3.jar
7f57b4a4f000-7f57b4a51000 r--s 00000000 08:01 2767993                    /home/dbuser/.m2/repository/org/codehaus/plexus/plexus-component-annotations/1.5.5/plexus-component-annotations-1.5.5.jar
7f57b4a51000-7f57b4a53000 r--s 0000d000 08:01 2644396                    /home/dbuser/.m2/repository/org/codehaus/plexus/plexus-interpolation/1.14/plexus-interpolation-1.14.jar
7f57b4a53000-7f57b4a72000 r--s 00152000 08:01 3019608                    /home/dbuser/.m2/repository/org/sonatype/sisu/sisu-guava/0.9.9/sisu-guava-0.9.9.jar
7f57b4a72000-7f57b4a7a000 r--s 00050000 08:01 2889315                    /home/dbuser/.m2/repository/org/sonatype/sisu/sisu-guice/3.1.0/sisu-guice-3.1.0-no_aop.jar
7f57b4a7a000-7f57b4a81000 r--s 00040000 08:01 2889313                    /home/dbuser/.m2/repository/org/sonatype/sisu/sisu-inject-bean/2.3.0/sisu-inject-bean-2.3.0.jar
7f57b4a81000-7f57b4a85000 r--s 0001c000 08:01 3019613                    /home/dbuser/.m2/repository/org/sonatype/aether/aether-util/1.13.1/aether-util-1.13.1.jar
7f57b4a85000-7f57b4a86000 r--s 00002000 08:01 2520354                    /home/dbuser/.m2/repository/org/apache/maven/reporting/maven-reporting-api/3.0/maven-reporting-api-3.0.jar
7f57b4a86000-7f57b4a89000 r--s 0001b000 08:01 2767582                    /home/dbuser/.m2/repository/net/alchim31/maven/scala-maven-plugin/3.2.2/scala-maven-plugin-3.2.2.jar
7f57b4a89000-7f57b4c89000 rw-p 00000000 00:00 0 
7f57b4c89000-7f57b4c9a000 r-xp 00000000 08:01 1445150                    /usr/lib/jvm/java-8-openjdk-amd64/jre/lib/amd64/libnio.so
7f57b4c9a000-7f57b4e9a000 ---p 00011000 08:01 1445150                    /usr/lib/jvm/java-8-openjdk-amd64/jre/lib/amd64/libnio.so
7f57b4e9a000-7f57b4e9b000 r--p 00011000 08:01 1445150                    /usr/lib/jvm/java-8-openjdk-amd64/jre/lib/amd64/libnio.so
7f57b4e9b000-7f57b4e9c000 rw-p 00012000 08:01 1445150                    /usr/lib/jvm/java-8-openjdk-amd64/jre/lib/amd64/libnio.so
7f57b4e9c000-7f57b4eb3000 r-xp 00000000 08:01 1445149                    /usr/lib/jvm/java-8-openjdk-amd64/jre/lib/amd64/libnet.so
7f57b4eb3000-7f57b50b2000 ---p 00017000 08:01 1445149                    /usr/lib/jvm/java-8-openjdk-amd64/jre/lib/amd64/libnet.so
7f57b50b2000-7f57b50b3000 r--p 00016000 08:01 1445149                    /usr/lib/jvm/java-8-openjdk-amd64/jre/lib/amd64/libnet.so
7f57b50b3000-7f57b50b4000 rw-p 00017000 08:01 1445149                    /usr/lib/jvm/java-8-openjdk-amd64/jre/lib/amd64/libnet.so
7f57b50b4000-7f57b52b4000 rw-p 00000000 00:00 0 
7f57b52b4000-7f57b52b9000 r--s 0009a000 08:01 1445528                    /usr/lib/jvm/java-8-openjdk-amd64/jre/lib/jsse.jar
7f57b52b9000-7f57b54b9000 rw-p 00000000 00:00 0 
7f57b54b9000-7f57b56b9000 rw-p 00000000 00:00 0 
7f57b56b9000-7f57b56be000 r--s 00040000 08:01 1844928                    /usr/share/java/commons-lang-2.6.jar
7f57b56be000-7f57b56bf000 r--s 00001000 08:01 1845228                    /usr/share/java/wagon-file-2.x.jar
7f57b56bf000-7f57b56c1000 r--s 00006000 08:01 1845076                    /usr/share/java/eclipse-aether-spi.jar
7f57b56c1000-7f57b56c2000 r--s 00004000 08:01 1844894                    /usr/share/java/atinject-jsr330-tck-1.0.jar
7f57b56c2000-7f57b56c4000 r--s 0000a000 08:01 1845234                    /usr/share/java/wagon-provider-api-2.x.jar
7f57b56c4000-7f57b56c7000 r--s 0000a000 08:01 1845253                    /usr/share/java/maven3-artifact-3.3.9.jar
7f57b56c7000-7f57b56cd000 r--s 0004f000 08:01 1845014                    /usr/share/java/jsoup.jar
7f57b56cd000-7f57b56da000 r--s 0008d000 08:01 1845256                    /usr/share/java/maven3-core-3.3.9.jar
7f57b56da000-7f57b56dc000 r--s 0000d000 08:01 1845245                    /usr/share/java/maven3-aether-provider-3.3.9.jar
7f57b56dc000-7f57b56e1000 r--s 0002e000 08:01 1844926                    /usr/share/java/commons-io.jar
7f57b56e1000-7f57b56e9000 r--s 00068000 08:01 1844930                    /usr/share/java/commons-lang3.jar
7f57b56e9000-7f57b56ea000 r--s 00002000 08:01 1844999                    /usr/share/java/slf4j-simple.jar
7f57b56ea000-7f57b56f1000 r--s 0002c000 08:01 1845226                    /usr/share/java/sisu-plexus.jar
7f57b56f1000-7f57b56f2000 r--s 0000a000 08:01 1845251                    /usr/share/java/maven3-settings-3.3.9.jar
7f57b56f2000-7f57b56f4000 r--s 00005000 08:01 1845077                    /usr/share/java/eclipse-aether-transport-wagon.jar
7f57b56f4000-7f57b56fb000 r--s 00041000 08:01 1845250                    /usr/share/java/maven3-compat-3.3.9.jar
7f57b56fb000-7f57b56fd000 r--s 00013000 08:01 1845252                    /usr/share/java/maven3-embedder-3.3.9.jar
7f57b56fd000-7f57b570b000 r--s 00099000 08:01 1845100                    /usr/share/java/guice.jar
7f57b570b000-7f57b570f000 r--s 00038000 08:01 1845214                    /usr/share/java/plexus-utils2.jar
7f57b570f000-7f57b5710000 r--s 00000000 08:01 1844901                    /usr/share/java/geronimo-interceptor-3.0-spec-1.0.1.jar
7f57b5710000-7f57b5712000 r--s 00012000 08:01 1844903                    /usr/share/java/el-api-3.0.jar
7f57b5712000-7f57b5713000 r--s 00000000 08:01 1844895                    /usr/share/java/atinject-jsr330-api-1.0.jar
7f57b5713000-7f57b5716000 r--s 00008000 08:01 1844907                    /usr/share/java/cdi-api-1.0.jar
7f57b5716000-7f57b5742000 r--s 00208000 08:01 1845018                    /usr/share/java/guava.jar
7f57b5742000-7f57b5743000 r--s 00009000 08:01 1844993                    /usr/share/java/slf4j-api.jar
7f57b5743000-7f57b5774000 r--s 00212000 08:01 1845232                    /usr/share/java/wagon-http-shaded-2.x.jar
7f57b5774000-7f57b5775000 r--s 00008000 08:01 1845074                    /usr/share/java/eclipse-aether-connector-basic.jar
7f57b5775000-7f57b5779000 r--s 00027000 08:01 1845071                    /usr/share/java/eclipse-aether-impl.jar
7f57b5779000-7f57b577b000 r--s 0000a000 08:01 1844914                    /usr/share/java/commons-cli-1.3.1.jar
7f57b577b000-7f57b577d000 r--s 00001000 08:01 1845090                    /usr/share/java/aopalliance-1.0.jar
7f57b577d000-7f57b577f000 r--s 00027000 08:01 1845247                    /usr/share/java/maven3-model-3.3.9.jar
7f57b577f000-7f57b5781000 r--s 00001000 08:01 1845255                    /usr/share/java/maven3-builder-support-3.3.9.jar
7f57b5781000-7f57b5783000 r--s 00002000 08:01 1845166                    /usr/share/java/plexus-cipher.jar
7f57b5783000-7f57b5786000 r--s 00007000 08:01 1845248                    /usr/share/java/maven3-settings-builder-3.3.9.jar
7f57b5786000-7f57b5788000 r--s 00000000 08:01 1845212                    /usr/share/java/plexus-component-annotations-1.5.jar
7f57b5788000-7f57b5789000 ---p 00000000 00:00 0 
7f57b5789000-7f57b5889000 rw-p 00000000 00:00 0 
7f57b5889000-7f57b588c000 ---p 00000000 00:00 0 
7f57b588c000-7f57b598a000 rw-p 00000000 00:00 0 
7f57b598a000-7f57b598d000 ---p 00000000 00:00 0 
7f57b598d000-7f57b5a8b000 rw-p 00000000 00:00 0 
7f57b5a8b000-7f57b5a8e000 ---p 00000000 00:00 0 
7f57b5a8e000-7f57b5b8c000 rw-p 00000000 00:00 0 
7f57b5b8c000-7f57b5b8f000 ---p 00000000 00:00 0 
7f57b5b8f000-7f57b5c8d000 rw-p 00000000 00:00 0 
7f57b5c8d000-7f57b5c90000 ---p 00000000 00:00 0 
7f57b5c90000-7f57b5d8e000 rw-p 00000000 00:00 0 
7f57b5d8e000-7f57b61ea000 r--p 00000000 08:01 1446435                    /usr/lib/locale/locale-archive
7f57b61ea000-7f57b61ed000 ---p 00000000 00:00 0 
7f57b61ed000-7f57b62eb000 rw-p 00000000 00:00 0 
7f57b62eb000-7f57b62ee000 ---p 00000000 00:00 0 
7f57b62ee000-7f57b63ec000 rw-p 00000000 00:00 0 
7f57b63ec000-7f57b63ed000 ---p 00000000 00:00 0 
7f57b63ed000-7f57b8000000 rw-p 00000000 00:00 0 
7f57b8000000-7f57b8021000 rw-p 00000000 00:00 0 
7f57b8021000-7f57bc000000 ---p 00000000 00:00 0 
7f57bc000000-7f57bc002000 r--s 0000e000 08:01 1844975                    /usr/share/java/plexus-interpolation.jar
7f57bc002000-7f57bc007000 r--s 0001d000 08:01 1845078                    /usr/share/java/eclipse-aether-api.jar
7f57bc007000-7f57bc022000 r--s 001d6000 08:01 1445504                    /usr/lib/jvm/java-8-openjdk-amd64/jre/lib/ext/nashorn.jar
7f57bc022000-7f57bc03d000 r--s 00394000 08:01 1445168                    /usr/lib/jvm/java-8-openjdk-amd64/jre/lib/ext/cldrdata.jar
7f57bc03d000-7f57c0000000 rw-p 00000000 00:00 0 
7f57c0000000-7f57c0021000 rw-p 00000000 00:00 0 
7f57c0021000-7f57c4000000 ---p 00000000 00:00 0 
7f57c4000000-7f57c4001000 r--s 00006000 08:01 1845249                    /usr/share/java/maven3-repository-metadata-3.3.9.jar
7f57c4001000-7f57c4003000 r--s 0000a000 08:01 1845254                    /usr/share/java/maven3-plugin-api-3.3.9.jar
7f57c4003000-7f57c4008000 r--s 00025000 08:01 1845246                    /usr/share/java/maven3-model-builder-3.3.9.jar
7f57c4008000-7f57c400f000 r--s 00054000 08:01 1845224                    /usr/share/java/sisu-inject.jar
7f57c400f000-7f57c4102000 rw-p 00000000 00:00 0 
7f57c4102000-7f57c42d0000 r--s 03c13000 08:01 1445533                    /usr/lib/jvm/java-8-openjdk-amd64/jre/lib/rt.jar
7f57c42d0000-7f57c4720000 rw-p 00000000 00:00 0 
7f57c4720000-7f57c4721000 ---p 00000000 00:00 0 
7f57c4721000-7f57c4821000 rw-p 00000000 00:00 0 
7f57c4821000-7f57c4822000 ---p 00000000 00:00 0 
7f57c4822000-7f57c4922000 rw-p 00000000 00:00 0 
7f57c4922000-7f57c4923000 ---p 00000000 00:00 0 
7f57c4923000-7f57c4a23000 rw-p 00000000 00:00 0 
7f57c4a23000-7f57c4a24000 ---p 00000000 00:00 0 
7f57c4a24000-7f57c4b24000 rw-p 00000000 00:00 0 
7f57c4b24000-7f57c4b25000 ---p 00000000 00:00 0 
7f57c4b25000-7f57c4c42000 rw-p 00000000 00:00 0 
7f57c4c42000-7f57c4eb6000 ---p 00000000 00:00 0 
7f57c4eb6000-7f57c4f88000 rw-p 00000000 00:00 0 
7f57c4f88000-7f57c4fff000 ---p 00000000 00:00 0 
7f57c4fff000-7f57c5000000 rw-p 00000000 00:00 0 
7f57c5000000-7f57c61d0000 rwxp 00000000 00:00 0 
7f57c61d0000-7f57d4000000 ---p 00000000 00:00 0 
7f57d4000000-7f57d50b9000 rw-p 00000000 00:00 0 
7f57d50b9000-7f57d8000000 ---p 00000000 00:00 0 
7f57d8000000-7f57d8004000 r--s 00020000 08:01 1845079                    /usr/share/java/eclipse-aether-util.jar
7f57d8004000-7f57d8005000 ---p 00000000 00:00 0 
7f57d8005000-7f57d8122000 rw-p 00000000 00:00 0 
7f57d8122000-7f57d8397000 ---p 00000000 00:00 0 
7f57d8397000-7f57d83df000 rw-p 00000000 00:00 0 
7f57d83df000-7f57d8757000 ---p 00000000 00:00 0 
7f57d8757000-7f57d875f000 r-xp 00000000 08:01 1445157                    /usr/lib/jvm/java-8-openjdk-amd64/jre/lib/amd64/libzip.so
7f57d875f000-7f57d895e000 ---p 00008000 08:01 1445157                    /usr/lib/jvm/java-8-openjdk-amd64/jre/lib/amd64/libzip.so
7f57d895e000-7f57d895f000 r--p 00007000 08:01 1445157                    /usr/lib/jvm/java-8-openjdk-amd64/jre/lib/amd64/libzip.so
7f57d895f000-7f57d8960000 rw-p 00008000 08:01 1445157                    /usr/lib/jvm/java-8-openjdk-amd64/jre/lib/amd64/libzip.so
7f57d8960000-7f57d896b000 r-xp 00000000 08:01 403970                     /lib/x86_64-linux-gnu/libnss_files-2.24.so
7f57d896b000-7f57d8b6a000 ---p 0000b000 08:01 403970                     /lib/x86_64-linux-gnu/libnss_files-2.24.so
7f57d8b6a000-7f57d8b6b000 r--p 0000a000 08:01 403970                     /lib/x86_64-linux-gnu/libnss_files-2.24.so
7f57d8b6b000-7f57d8b6c000 rw-p 0000b000 08:01 403970                     /lib/x86_64-linux-gnu/libnss_files-2.24.so
7f57d8b6c000-7f57d8b72000 rw-p 00000000 00:00 0 
7f57d8b72000-7f57d8b7d000 r-xp 00000000 08:01 403972                     /lib/x86_64-linux-gnu/libnss_nis-2.24.so
7f57d8b7d000-7f57d8d7c000 ---p 0000b000 08:01 403972                     /lib/x86_64-linux-gnu/libnss_nis-2.24.so
7f57d8d7c000-7f57d8d7d000 r--p 0000a000 08:01 403972                     /lib/x86_64-linux-gnu/libnss_nis-2.24.so
7f57d8d7d000-7f57d8d7e000 rw-p 0000b000 08:01 403972                     /lib/x86_64-linux-gnu/libnss_nis-2.24.so
7f57d8d7e000-7f57d8d94000 r-xp 00000000 08:01 403967                     /lib/x86_64-linux-gnu/libnsl-2.24.so
7f57d8d94000-7f57d8f93000 ---p 00016000 08:01 403967                     /lib/x86_64-linux-gnu/libnsl-2.24.so
7f57d8f93000-7f57d8f94000 r--p 00015000 08:01 403967                     /lib/x86_64-linux-gnu/libnsl-2.24.so
7f57d8f94000-7f57d8f95000 rw-p 00016000 08:01 403967                     /lib/x86_64-linux-gnu/libnsl-2.24.so
7f57d8f95000-7f57d8f97000 rw-p 00000000 00:00 0 
7f57d8f97000-7f57d8f9f000 r-xp 00000000 08:01 403968                     /lib/x86_64-linux-gnu/libnss_compat-2.24.so
7f57d8f9f000-7f57d919e000 ---p 00008000 08:01 403968                     /lib/x86_64-linux-gnu/libnss_compat-2.24.so
7f57d919e000-7f57d919f000 r--p 00007000 08:01 403968                     /lib/x86_64-linux-gnu/libnss_compat-2.24.so
7f57d919f000-7f57d91a0000 rw-p 00008000 08:01 403968                     /lib/x86_64-linux-gnu/libnss_compat-2.24.so
7f57d91a0000-7f57d91cd000 r-xp 00000000 08:01 1445138                    /usr/lib/jvm/java-8-openjdk-amd64/jre/lib/amd64/libjava.so
7f57d91cd000-7f57d93cc000 ---p 0002d000 08:01 1445138                    /usr/lib/jvm/java-8-openjdk-amd64/jre/lib/amd64/libjava.so
7f57d93cc000-7f57d93cd000 r--p 0002c000 08:01 1445138                    /usr/lib/jvm/java-8-openjdk-amd64/jre/lib/amd64/libjava.so
7f57d93cd000-7f57d93cf000 rw-p 0002d000 08:01 1445138                    /usr/lib/jvm/java-8-openjdk-amd64/jre/lib/amd64/libjava.so
7f57d93cf000-7f57d93de000 r-xp 00000000 08:01 1445156                    /usr/lib/jvm/java-8-openjdk-amd64/jre/lib/amd64/libverify.so
7f57d93de000-7f57d95de000 ---p 0000f000 08:01 1445156                    /usr/lib/jvm/java-8-openjdk-amd64/jre/lib/amd64/libverify.so
7f57d95de000-7f57d95e0000 r--p 0000f000 08:01 1445156                    /usr/lib/jvm/java-8-openjdk-amd64/jre/lib/amd64/libverify.so
7f57d95e0000-7f57d95e1000 rw-p 00011000 08:01 1445156                    /usr/lib/jvm/java-8-openjdk-amd64/jre/lib/amd64/libverify.so
7f57d95e1000-7f57d95e8000 r-xp 00000000 08:01 403977                     /lib/x86_64-linux-gnu/librt-2.24.so
7f57d95e8000-7f57d97e7000 ---p 00007000 08:01 403977                     /lib/x86_64-linux-gnu/librt-2.24.so
7f57d97e7000-7f57d97e8000 r--p 00006000 08:01 403977                     /lib/x86_64-linux-gnu/librt-2.24.so
7f57d97e8000-7f57d97e9000 rw-p 00007000 08:01 403977                     /lib/x86_64-linux-gnu/librt-2.24.so
7f57d97e9000-7f57d97ff000 r-xp 00000000 08:01 398165                     /lib/x86_64-linux-gnu/libgcc_s.so.1
7f57d97ff000-7f57d99fe000 ---p 00016000 08:01 398165                     /lib/x86_64-linux-gnu/libgcc_s.so.1
7f57d99fe000-7f57d99ff000 r--p 00015000 08:01 398165                     /lib/x86_64-linux-gnu/libgcc_s.so.1
7f57d99ff000-7f57d9a00000 rw-p 00016000 08:01 398165                     /lib/x86_64-linux-gnu/libgcc_s.so.1
7f57d9a00000-7f57d9b08000 r-xp 00000000 08:01 403961                     /lib/x86_64-linux-gnu/libm-2.24.so
7f57d9b08000-7f57d9d07000 ---p 00108000 08:01 403961                     /lib/x86_64-linux-gnu/libm-2.24.so
7f57d9d07000-7f57d9d08000 r--p 00107000 08:01 403961                     /lib/x86_64-linux-gnu/libm-2.24.so
7f57d9d08000-7f57d9d09000 rw-p 00108000 08:01 403961                     /lib/x86_64-linux-gnu/libm-2.24.so
7f57d9d09000-7f57d9e82000 r-xp 00000000 08:01 1453379                    /usr/lib/x86_64-linux-gnu/libstdc++.so.6.0.22
7f57d9e82000-7f57da081000 ---p 00179000 08:01 1453379                    /usr/lib/x86_64-linux-gnu/libstdc++.so.6.0.22
7f57da081000-7f57da08b000 r--p 00178000 08:01 1453379                    /usr/lib/x86_64-linux-gnu/libstdc++.so.6.0.22
7f57da08b000-7f57da08d000 rw-p 00182000 08:01 1453379                    /usr/lib/x86_64-linux-gnu/libstdc++.so.6.0.22
7f57da08d000-7f57da091000 rw-p 00000000 00:00 0 
7f57da091000-7f57daceb000 r-xp 00000000 08:01 1445159                    /usr/lib/jvm/java-8-openjdk-amd64/jre/lib/amd64/server/libjvm.so
7f57daceb000-7f57daeea000 ---p 00c5a000 08:01 1445159                    /usr/lib/jvm/java-8-openjdk-amd64/jre/lib/amd64/server/libjvm.so
7f57daeea000-7f57daf7d000 r--p 00c59000 08:01 1445159                    /usr/lib/jvm/java-8-openjdk-amd64/jre/lib/amd64/server/libjvm.so
7f57daf7d000-7f57dafa6000 rw-p 00cec000 08:01 1445159                    /usr/lib/jvm/java-8-openjdk-amd64/jre/lib/amd64/server/libjvm.so
7f57dafa6000-7f57dafd6000 rw-p 00000000 00:00 0 
7f57dafd6000-7f57dafee000 r-xp 00000000 08:01 403975                     /lib/x86_64-linux-gnu/libpthread-2.24.so
7f57dafee000-7f57db1ee000 ---p 00018000 08:01 403975                     /lib/x86_64-linux-gnu/libpthread-2.24.so
7f57db1ee000-7f57db1ef000 r--p 00018000 08:01 403975                     /lib/x86_64-linux-gnu/libpthread-2.24.so
7f57db1ef000-7f57db1f0000 rw-p 00019000 08:01 403975                     /lib/x86_64-linux-gnu/libpthread-2.24.so
7f57db1f0000-7f57db1f4000 rw-p 00000000 00:00 0 
7f57db1f4000-7f57db1f7000 r-xp 00000000 08:01 403960                     /lib/x86_64-linux-gnu/libdl-2.24.so
7f57db1f7000-7f57db3f6000 ---p 00003000 08:01 403960                     /lib/x86_64-linux-gnu/libdl-2.24.so
7f57db3f6000-7f57db3f7000 r--p 00002000 08:01 403960                     /lib/x86_64-linux-gnu/libdl-2.24.so
7f57db3f7000-7f57db3f8000 rw-p 00003000 08:01 403960                     /lib/x86_64-linux-gnu/libdl-2.24.so
7f57db3f8000-7f57db413000 r-xp 00000000 08:01 398308                     /lib/x86_64-linux-gnu/libz.so.1.2.11
7f57db413000-7f57db612000 ---p 0001b000 08:01 398308                     /lib/x86_64-linux-gnu/libz.so.1.2.11
7f57db612000-7f57db613000 r--p 0001a000 08:01 398308                     /lib/x86_64-linux-gnu/libz.so.1.2.11
7f57db613000-7f57db614000 rw-p 0001b000 08:01 398308                     /lib/x86_64-linux-gnu/libz.so.1.2.11
7f57db614000-7f57db7d2000 r-xp 00000000 08:01 403950                     /lib/x86_64-linux-gnu/libc-2.24.so
7f57db7d2000-7f57db9d1000 ---p 001be000 08:01 403950                     /lib/x86_64-linux-gnu/libc-2.24.so
7f57db9d1000-7f57db9d5000 r--p 001bd000 08:01 403950                     /lib/x86_64-linux-gnu/libc-2.24.so
7f57db9d5000-7f57db9d7000 rw-p 001c1000 08:01 403950                     /lib/x86_64-linux-gnu/libc-2.24.so
7f57db9d7000-7f57db9db000 rw-p 00000000 00:00 0 
7f57db9db000-7f57db9e8000 r-xp 00000000 08:01 1445124                    /usr/lib/jvm/java-8-openjdk-amd64/jre/lib/amd64/jli/libjli.so
7f57db9e8000-7f57dbbe8000 ---p 0000d000 08:01 1445124                    /usr/lib/jvm/java-8-openjdk-amd64/jre/lib/amd64/jli/libjli.so
7f57dbbe8000-7f57dbbe9000 r--p 0000d000 08:01 1445124                    /usr/lib/jvm/java-8-openjdk-amd64/jre/lib/amd64/jli/libjli.so
7f57dbbe9000-7f57dbbea000 rw-p 0000e000 08:01 1445124                    /usr/lib/jvm/java-8-openjdk-amd64/jre/lib/amd64/jli/libjli.so
7f57dbbea000-7f57dbc10000 r-xp 00000000 08:01 403945                     /lib/x86_64-linux-gnu/ld-2.24.so
7f57dbc10000-7f57dbc11000 r--s 00006000 08:01 1845168                    /usr/share/java/plexus-sec-dispatcher.jar
7f57dbc11000-7f57dbc12000 r--s 00001000 08:01 1845233                    /usr/share/java/wagon-http-shared-2.x.jar
7f57dbc12000-7f57dbc14000 r--s 0000a000 08:01 1845210                    /usr/share/java/plexus-classworlds2-2.5.2.jar
7f57dbc14000-7f57dbc1e000 r--s 00116000 08:01 1445172                    /usr/lib/jvm/java-8-openjdk-amd64/jre/lib/ext/localedata.jar
7f57dbc1e000-7f57dbc20000 r--s 00007000 08:01 1844136                    /usr/share/java/java-atk-wrapper.jar
7f57dbc20000-7f57dbc22000 r--s 00001000 08:01 1445169                    /usr/lib/jvm/java-8-openjdk-amd64/jre/lib/ext/dnsns.jar
7f57dbc22000-7f57dbced000 rw-p 00000000 00:00 0 
7f57dbced000-7f57dbcf0000 ---p 00000000 00:00 0 
7f57dbcf0000-7f57dbdf2000 rw-p 00000000 00:00 0 
7f57dbdf2000-7f57dbdf3000 r--s 00010000 08:01 1445516                    /usr/lib/jvm/java-8-openjdk-amd64/jre/lib/ext/zipfs.jar
7f57dbdf3000-7f57dbdf8000 r--s 0003b000 08:01 1445514                    /usr/lib/jvm/java-8-openjdk-amd64/jre/lib/ext/sunjce_provider.jar
7f57dbdf8000-7f57dbdf9000 r--s 0000a000 08:01 1445171                    /usr/lib/jvm/java-8-openjdk-amd64/jre/lib/ext/jaccess.jar
7f57dbdf9000-7f57dbdfd000 r--s 00037000 08:01 1445515                    /usr/lib/jvm/java-8-openjdk-amd64/jre/lib/ext/sunpkcs11.jar
7f57dbdfd000-7f57dbdff000 r--s 00008000 08:01 1445505                    /usr/lib/jvm/java-8-openjdk-amd64/jre/lib/ext/sunec.jar
7f57dbdff000-7f57dbe02000 r--s 0000f000 08:01 1445170                    /usr/lib/jvm/java-8-openjdk-amd64/jre/lib/ext/icedtea-sound.jar
7f57dbe02000-7f57dbe0a000 rw-s 00000000 08:01 921815                     /tmp/hsperfdata_dbuser/5956
7f57dbe0a000-7f57dbe0b000 rw-p 00000000 00:00 0 
7f57dbe0b000-7f57dbe0c000 ---p 00000000 00:00 0 
7f57dbe0c000-7f57dbe0f000 rw-p 00000000 00:00 0 
7f57dbe0f000-7f57dbe10000 r--p 00025000 08:01 403945                     /lib/x86_64-linux-gnu/ld-2.24.so
7f57dbe10000-7f57dbe11000 rw-p 00026000 08:01 403945                     /lib/x86_64-linux-gnu/ld-2.24.so
7f57dbe11000-7f57dbe12000 rw-p 00000000 00:00 0 
7ffd82d59000-7ffd82d7b000 rw-p 00000000 00:00 0                          [stack]
7ffd82dcd000-7ffd82dcf000 r--p 00000000 00:00 0                          [vvar]
7ffd82dcf000-7ffd82dd1000 r-xp 00000000 00:00 0                          [vdso]
ffffffffff600000-ffffffffff601000 r-xp 00000000 00:00 0                  [vsyscall]

VM Arguments:
jvm_args: -Dclassworlds.conf=/usr/share/maven/bin/m2.conf -Dmaven.home=/usr/share/maven -Dmaven.multiModuleProjectDirectory=/home/dbuser/Test/KafkaProducer 
java_command: org.codehaus.plexus.classworlds.launcher.Launcher package
java_class_path (initial): /usr/share/maven/boot/plexus-classworlds-2.x.jar
Launcher Type: SUN_STANDARD

Environment Variables:
JAVA_HOME=/usr/lib/jvm/java-8-openjdk-amd64
PATH=/usr/local/sbin:/usr/local/bin:/usr/sbin:/usr/bin:/sbin:/bin:/usr/games:/usr/local/games:/snap/bin:/usr/local/hadoop/bin:/usr/local/hadoop/sbin:/usr/local/hive/bin:/usr/local/hadoop/bin:/usr/local/hadoop/sbin:/usr/local/hive/bin
SHELL=/bin/bash
DISPLAY=:0

Signal Handlers:
SIGSEGV: [libjvm.so+0xa70490], sa_mask[0]=11111111011111111101111111111110, sa_flags=SA_RESTART|SA_SIGINFO
SIGBUS: [libjvm.so+0xa70490], sa_mask[0]=11111111011111111101111111111110, sa_flags=SA_RESTART|SA_SIGINFO
SIGFPE: [libjvm.so+0x8b9fc0], sa_mask[0]=11111111011111111101111111111110, sa_flags=SA_RESTART|SA_SIGINFO
SIGPIPE: [libjvm.so+0x8b9fc0], sa_mask[0]=11111111011111111101111111111110, sa_flags=SA_RESTART|SA_SIGINFO
SIGXFSZ: [libjvm.so+0x8b9fc0], sa_mask[0]=11111111011111111101111111111110, sa_flags=SA_RESTART|SA_SIGINFO
SIGILL: [libjvm.so+0x8b9fc0], sa_mask[0]=11111111011111111101111111111110, sa_flags=SA_RESTART|SA_SIGINFO
SIGUSR1: SIG_DFL, sa_mask[0]=00000000000000000000000000000000, sa_flags=none
SIGUSR2: [libjvm.so+0x8b9e70], sa_mask[0]=00000000000000000000000000000000, sa_flags=SA_RESTART|SA_SIGINFO
SIGHUP: [libjvm.so+0x8ba320], sa_mask[0]=11111111011111111101111111111110, sa_flags=SA_RESTART|SA_SIGINFO
SIGINT: [libjvm.so+0x8ba320], sa_mask[0]=11111111011111111101111111111110, sa_flags=SA_RESTART|SA_SIGINFO
SIGTERM: [libjvm.so+0x8ba320], sa_mask[0]=11111111011111111101111111111110, sa_flags=SA_RESTART|SA_SIGINFO
SIGQUIT: [libjvm.so+0x8ba320], sa_mask[0]=11111111011111111101111111111110, sa_flags=SA_RESTART|SA_SIGINFO


---------------  S Y S T E M  ---------------

OS:DISTRIB_ID=Ubuntu
DISTRIB_RELEASE=17.04
DISTRIB_CODENAME=zesty
DISTRIB_DESCRIPTION="Ubuntu 17.04"

uname:Linux 4.10.0-33-generic #37-Ubuntu SMP Fri Aug 11 10:55:28 UTC 2017 x86_64
libc:glibc 2.24 NPTL 2.24 
rlimit: STACK 8192k, CORE 0k, NPROC 31361, NOFILE 4096, AS infinity
load average:1,35 1,40 1,25

/proc/meminfo:
MemTotal:        8074096 kB
MemFree:          130072 kB
MemAvailable:      56412 kB
Buffers:            5932 kB
Cached:           151328 kB
SwapCached:        66808 kB
Active:          6769108 kB
Inactive:         943744 kB
Active(anon):    6725904 kB
Inactive(anon):   907836 kB
Active(file):      43204 kB
Inactive(file):    35908 kB
Unevictable:          48 kB
Mlocked:              48 kB
SwapTotal:       2097148 kB
SwapFree:              0 kB
Dirty:               412 kB
Writeback:             0 kB
AnonPages:       7489372 kB
Mapped:           130188 kB
Shmem:             77756 kB
Slab:              90240 kB
SReclaimable:      42584 kB
SUnreclaim:        47656 kB
KernelStack:       20256 kB
PageTables:        66248 kB
NFS_Unstable:          0 kB
Bounce:                0 kB
WritebackTmp:          0 kB
CommitLimit:     6134196 kB
Committed_AS:   17910856 kB
VmallocTotal:   34359738367 kB
VmallocUsed:           0 kB
VmallocChunk:          0 kB
HardwareCorrupted:     0 kB
AnonHugePages:   4491264 kB
ShmemHugePages:        0 kB
ShmemPmdMapped:        0 kB
CmaTotal:              0 kB
CmaFree:               0 kB
HugePages_Total:       0
HugePages_Free:        0
HugePages_Rsvd:        0
HugePages_Surp:        0
Hugepagesize:       2048 kB
DirectMap4k:      192448 kB
DirectMap2M:     8097792 kB


CPU:total 6 (initial active 6) (6 cores per cpu, 1 threads per core) family 6 model 63 stepping 2, cmov, cx8, fxsr, mmx, sse, sse2, sse3, ssse3, sse4.1, sse4.2, popcnt, avx, aes, clmul, lzcnt, tsc, tscinvbit

/proc/cpuinfo:
processor	: 0
vendor_id	: GenuineIntel
cpu family	: 6
model		: 63
model name	: Intel(R) Core(TM) i7-5820K CPU @ 3.30GHz
stepping	: 2
cpu MHz		: 3298.086
cache size	: 15360 KB
physical id	: 0
siblings	: 6
core id		: 0
cpu cores	: 6
apicid		: 0
initial apicid	: 0
fpu		: yes
fpu_exception	: yes
cpuid level	: 15
wp		: yes
flags		: fpu vme de pse tsc msr pae mce cx8 apic sep mtrr pge mca cmov pat pse36 clflush mmx fxsr sse sse2 ht syscall nx rdtscp lm constant_tsc rep_good nopl xtopology nonstop_tsc pni pclmulqdq ssse3 cx16 sse4_1 sse4_2 x2apic movbe popcnt aes xsave avx rdrand hypervisor lahf_lm abm
bugs		:
bogomips	: 6596.17
clflush size	: 64
cache_alignment	: 64
address sizes	: 46 bits physical, 48 bits virtual
power management:

processor	: 1
vendor_id	: GenuineIntel
cpu family	: 6
model		: 63
model name	: Intel(R) Core(TM) i7-5820K CPU @ 3.30GHz
stepping	: 2
cpu MHz		: 3298.086
cache size	: 15360 KB
physical id	: 0
siblings	: 6
core id		: 1
cpu cores	: 6
apicid		: 1
initial apicid	: 1
fpu		: yes
fpu_exception	: yes
cpuid level	: 15
wp		: yes
flags		: fpu vme de pse tsc msr pae mce cx8 apic sep mtrr pge mca cmov pat pse36 clflush mmx fxsr sse sse2 ht syscall nx rdtscp lm constant_tsc rep_good nopl xtopology nonstop_tsc pni pclmulqdq ssse3 cx16 sse4_1 sse4_2 x2apic movbe popcnt aes xsave avx rdrand hypervisor lahf_lm abm
bugs		:
bogomips	: 6596.17
clflush size	: 64
cache_alignment	: 64
address sizes	: 46 bits physical, 48 bits virtual
power management:

processor	: 2
vendor_id	: GenuineIntel
cpu family	: 6
model		: 63
model name	: Intel(R) Core(TM) i7-5820K CPU @ 3.30GHz
stepping	: 2
cpu MHz		: 3298.086
cache size	: 15360 KB
physical id	: 0
siblings	: 6
core id		: 2
cpu cores	: 6
apicid		: 2
initial apicid	: 2
fpu		: yes
fpu_exception	: yes
cpuid level	: 15
wp		: yes
flags		: fpu vme de pse tsc msr pae mce cx8 apic sep mtrr pge mca cmov pat pse36 clflush mmx fxsr sse sse2 ht syscall nx rdtscp lm constant_tsc rep_good nopl xtopology nonstop_tsc pni pclmulqdq ssse3 cx16 sse4_1 sse4_2 x2apic movbe popcnt aes xsave avx rdrand hypervisor lahf_lm abm
bugs		:
bogomips	: 6596.17
clflush size	: 64
cache_alignment	: 64
address sizes	: 46 bits physical, 48 bits virtual
power management:

processor	: 3
vendor_id	: GenuineIntel
cpu family	: 6
model		: 63
model name	: Intel(R) Core(TM) i7-5820K CPU @ 3.30GHz
stepping	: 2
cpu MHz		: 3298.086
cache size	: 15360 KB
physical id	: 0
siblings	: 6
core id		: 3
cpu cores	: 6
apicid		: 3
initial apicid	: 3
fpu		: yes
fpu_exception	: yes
cpuid level	: 15
wp		: yes
flags		: fpu vme de pse tsc msr pae mce cx8 apic sep mtrr pge mca cmov pat pse36 clflush mmx fxsr sse sse2 ht syscall nx rdtscp lm constant_tsc rep_good nopl xtopology nonstop_tsc pni pclmulqdq ssse3 cx16 sse4_1 sse4_2 x2apic movbe popcnt aes xsave avx rdrand hypervisor lahf_lm abm
bugs		:
bogomips	: 6596.17
clflush size	: 64
cache_alignment	: 64
address sizes	: 46 bits physical, 48 bits virtual
power management:

processor	: 4
vendor_id	: GenuineIntel
cpu family	: 6
model		: 63
model name	: Intel(R) Core(TM) i7-5820K CPU @ 3.30GHz
stepping	: 2
cpu MHz		: 3298.086
cache size	: 15360 KB
physical id	: 0
siblings	: 6
core id		: 4
cpu cores	: 6
apicid		: 4
initial apicid	: 4
fpu		: yes
fpu_exception	: yes
cpuid level	: 15
wp		: yes
flags		: fpu vme de pse tsc msr pae mce cx8 apic sep mtrr pge mca cmov pat pse36 clflush mmx fxsr sse sse2 ht syscall nx rdtscp lm constant_tsc rep_good nopl xtopology nonstop_tsc pni pclmulqdq ssse3 cx16 sse4_1 sse4_2 x2apic movbe popcnt aes xsave avx rdrand hypervisor lahf_lm abm
bugs		:
bogomips	: 6596.17
clflush size	: 64
cache_alignment	: 64
address sizes	: 46 bits physical, 48 bits virtual
power management:

processor	: 5
vendor_id	: GenuineIntel
cpu family	: 6
model		: 63
model name	: Intel(R) Core(TM) i7-5820K CPU @ 3.30GHz
stepping	: 2
cpu MHz		: 3298.086
cache size	: 15360 KB
physical id	: 0
siblings	: 6
core id		: 5
cpu cores	: 6
apicid		: 5
initial apicid	: 5
fpu		: yes
fpu_exception	: yes
cpuid level	: 15
wp		: yes
flags		: fpu vme de pse tsc msr pae mce cx8 apic sep mtrr pge mca cmov pat pse36 clflush mmx fxsr sse sse2 ht syscall nx rdtscp lm constant_tsc rep_good nopl xtopology nonstop_tsc pni pclmulqdq ssse3 cx16 sse4_1 sse4_2 x2apic movbe popcnt aes xsave avx rdrand hypervisor lahf_lm abm
bugs		:
bogomips	: 6596.17
clflush size	: 64
cache_alignment	: 64
address sizes	: 46 bits physical, 48 bits virtual
power management:



Memory: 4k page, physical 8074096k(130072k free), swap 2097148k(0k free)

vm_info: OpenJDK 64-Bit Server VM (25.131-b11) for linux-amd64 JRE (1.8.0_131-8u131-b11-2ubuntu1.17.04.3-b11), built on Jul 27 2017 21:26:44 by "buildd" with gcc 6.3.0 20170406

time: Tue Nov  7 10:59:48 2017
elapsed time: 9 seconds (0d 0h 0m 9s)

